warning: use of deprecated method `deno_core::JsRuntime::resolve_value`: Use resolve
  --> src/engine/executor.rs:49:35
   |
49 | ...ed = rt.resolve_value(res).await
   |            ^^^^^^^^^^^^^
   |
   = note: `#[warn(deprecated)]` on by default

warning: field `function_id` is never read
  --> src/api/routes.rs:15:9
   |
14 | pub struct ExecuteRequest {
   |            -------------- field in this struct
15 |     pub function_id: String,
   |         ^^^^^^^^^^^
   |
   = note: `#[warn(dead_code)]` (part of `#[warn(unused)]`) on by default

warning: `runtime` (bin "runtime") generated 2 warnings
    Finished `dev` profile [unoptimized + debuginfo] target(s) in 0.13s
     Running `target/debug/runtime`
[2m2026-03-07T16:05:32.028762Z[0m [32m INFO[0m [2mruntime[0m[2m:[0m Starting Runtime execution server on 127.0.0.1:8081
